
/home/runner/work/exp-partial-differential-equations-finite-difference-solving-boundary-value-problems-iitb/exp-partial-differential-equations-finite-difference-solving-boundary-value-problems-iitb/experiment/simulation/common_libraries/js/ts_components/collapse_step.js
   1:10  warning  'show_step' is defined but never used                 no-unused-vars
   2:5   warning  '$' is not defined                                    no-undef
   3:9   warning  '$' is not defined                                    no-undef
   6:10  warning  'hide_step' is defined but never used                 no-unused-vars
   7:5   warning  '$' is not defined                                    no-undef
   8:9   warning  '$' is not defined                                    no-undef
  11:10  warning  'get_collapse_btn_text' is defined but never used     no-unused-vars
  20:10  warning  'get_collapse_btn_element' is defined but never used  no-unused-vars
  29:10  warning  'hide_all_steps' is defined but never used            no-unused-vars
  31:9   warning  '$' is not defined                                    no-undef

/home/runner/work/exp-partial-differential-equations-finite-difference-solving-boundary-value-problems-iitb/exp-partial-differential-equations-finite-difference-solving-boundary-value-problems-iitb/experiment/simulation/common_libraries/js/ts_components/matrix.js
   27:26  warning  'MathJax' is not defined                                no-undef
   32:7   warning  'Matrix_Without_String' is defined but never used       no-unused-vars
   52:26  warning  'MathJax' is not defined                                no-undef
   56:10  warning  'get_matrix_html' is defined but never used             no-unused-vars
   87:13  warning  'row_html' is assigned a value but never used           no-unused-vars
   99:10  warning  'get_matrix_html_with_title' is defined but never used  no-unused-vars
  131:13  warning  'row_html' is assigned a value but never used           no-unused-vars
  143:10  warning  'convert_2d_to_1d_vector' is defined but never used     no-unused-vars
  156:10  warning  'convert_1d_to_2d_matrix' is defined but never used     no-unused-vars

/home/runner/work/exp-partial-differential-equations-finite-difference-solving-boundary-value-problems-iitb/exp-partial-differential-equations-finite-difference-solving-boundary-value-problems-iitb/experiment/simulation/common_libraries/js/ts_components/pannel.js
  8:7  warning  'Pannel' is defined but never used  no-unused-vars

/home/runner/work/exp-partial-differential-equations-finite-difference-solving-boundary-value-problems-iitb/exp-partial-differential-equations-finite-difference-solving-boundary-value-problems-iitb/experiment/simulation/common_libraries/js/ts_components/questions.js
   6:17  warning  'op1' is assigned a value but never used      no-unused-vars
   7:17  warning  'op2' is assigned a value but never used      no-unused-vars
   8:17  warning  'op3' is assigned a value but never used      no-unused-vars
   9:17  warning  'op4' is assigned a value but never used      no-unused-vars
  94:7   warning  'Question_Options' is defined but never used  no-unused-vars

/home/runner/work/exp-partial-differential-equations-finite-difference-solving-boundary-value-problems-iitb/exp-partial-differential-equations-finite-difference-solving-boundary-value-problems-iitb/experiment/simulation/common_libraries/js/ts_components/tables.js
   19:22  warning  'verify_values' is not defined                                     no-undef
  137:22  warning  'verify_values' is not defined                                     no-undef
  260:7   warning  'Verify_Rows_Cols_6_decimal_places' is defined but never used      no-unused-vars
  311:22  warning  'verify_values' is not defined                                     no-undef
  416:7   warning  'Verify_Rows_Cols_Custom_Fixed_Update1' is defined but never used  no-unused-vars
  468:7   warning  'Show_Table_Custom_Fixed' is defined but never used                no-unused-vars
  506:7   warning  'Verify_Rows_Cols_Strings' is defined but never used               no-unused-vars
  527:22  warning  'verify_values' is not defined                                     no-undef
  663:7   warning  'Display_Table' is defined but never used                          no-unused-vars

/home/runner/work/exp-partial-differential-equations-finite-difference-solving-boundary-value-problems-iitb/exp-partial-differential-equations-finite-difference-solving-boundary-value-problems-iitb/experiment/simulation/common_libraries/js/ts_math_library/general_math_functions.js
    1:10  warning  'verify_values' is defined but never used                   no-unused-vars
   17:10  warning  'random1' is defined but never used                         no-unused-vars
   21:10  warning  'std_deviation' is defined but never used                   no-unused-vars
   26:10  warning  'gauss' is defined but never used                           no-unused-vars
   56:10  warning  'hide_panel' is defined but never used                      no-unused-vars
   63:10  warning  'inverse_matrix' is defined but never used                  no-unused-vars
   96:10  warning  'matrix_multiplication' is defined but never used           no-unused-vars
  113:10  warning  'transpose_matrix' is defined but never used                no-unused-vars
  123:10  warning  'matrix_multiplication_8decimal' is defined but never used  no-unused-vars
  140:10  warning  'adjoint_2x2_matrix' is defined but never used              no-unused-vars
  145:10  warning  'find_deteminant' is defined but never used                 no-unused-vars
  174:10  warning  'get_Submatrix' is defined but never used                   no-unused-vars

/home/runner/work/exp-partial-differential-equations-finite-difference-solving-boundary-value-problems-iitb/exp-partial-differential-equations-finite-difference-solving-boundary-value-problems-iitb/experiment/simulation/common_libraries/js/ts_math_library/regression.js
   1:10  warning  'regression_linear' is defined but never used            no-unused-vars
  18:10  warning  'regression_linear_1variable' is defined but never used  no-unused-vars
  27:10  warning  'regression_linear_2variable' is defined but never used  no-unused-vars
  52:11  warning  'gauss' is not defined                                   no-undef

/home/runner/work/exp-partial-differential-equations-finite-difference-solving-boundary-value-problems-iitb/exp-partial-differential-equations-finite-difference-solving-boundary-value-problems-iitb/experiment/simulation/common_libraries/math.ob.js
  1:745  warning  'b' is already defined  no-redeclare

/home/runner/work/exp-partial-differential-equations-finite-difference-solving-boundary-value-problems-iitb/exp-partial-differential-equations-finite-difference-solving-boundary-value-problems-iitb/experiment/simulation/js/activity1.js
   14:9    warning  'MathJax' is not defined                         no-undef
   18:10   warning  'start_act1' is defined but never used           no-unused-vars
   23:20   warning  'get_collapse_btn_text' is not defined           no-undef
   27:23   warning  'a' is not defined                               no-undef
   90:5    warning  'hide_all_steps' is not defined                  no-undef
   92:9    warning  'MathJax' is not defined                         no-undef
   95:9    warning  'show_step' is not defined                       no-undef
   98:10   warning  'a1_verify_node1_equ' is defined but never used  no-unused-vars
  102:17   warning  'y2_node_1' is not defined                       no-undef
  102:28   warning  'y1_node_1' is not defined                       no-undef
  102:39   warning  'c' is not defined                               no-undef
  103:10   warning  'verify_values' is not defined                   no-undef
  103:61   warning  'y2_node_1' is not defined                       no-undef
  112:10   warning  'verify_values' is not defined                   no-undef
  112:61   warning  'y1_node_1' is not defined                       no-undef
  121:10   warning  'verify_values' is not defined                   no-undef
  121:60   warning  'c' is not defined                               no-undef
  135:23   warning  'y2_node_1' is not defined                       no-undef
  135:63   warning  'y1_node_1' is not defined                       no-undef
  135:104  warning  'c' is not defined                               no-undef
  161:9    warning  'MathJax' is not defined                         no-undef
  164:10   warning  'a1_verify_node2_equ' is defined but never used  no-unused-vars
  168:17   warning  'y2_node_2' is not defined                       no-undef
  168:28   warning  'y1_node_2' is not defined                       no-undef
  168:39   warning  'c' is not defined                               no-undef
  169:10   warning  'verify_values' is not defined                   no-undef
  169:61   warning  'y2_node_2' is not defined                       no-undef
  178:10   warning  'verify_values' is not defined                   no-undef
  178:61   warning  'y1_node_2' is not defined                       no-undef
  187:10   warning  'verify_values' is not defined                   no-undef
  187:60   warning  'c' is not defined                               no-undef
  201:24   warning  'y2_node_2' is not defined                       no-undef
  201:65   warning  'y1_node_2' is not defined                       no-undef
  201:106  warning  'c' is not defined                               no-undef
  231:9    warning  'MathJax' is not defined                         no-undef
  234:10   warning  'a1_verify_y1_y2' is defined but never used      no-unused-vars
  237:17   warning  'y1' is not defined                              no-undef
  237:21   warning  'y2' is not defined                              no-undef
  238:10   warning  'verify_values' is not defined                   no-undef
  238:61   warning  'y1' is not defined                              no-undef
  247:10   warning  'verify_values' is not defined                   no-undef
  247:61   warning  'y2' is not defined                              no-undef
  261:29   warning  'y1' is not defined                              no-undef
  261:71   warning  'y2' is not defined                              no-undef
  267:9    warning  'MathJax' is not defined                         no-undef
  271:5    warning  'a' is not defined                               no-undef
  272:5    warning  'c' is not defined                               no-undef
  273:5    warning  'a' is not defined                               no-undef
  273:9    warning  'random1' is not defined                         no-undef
  274:5    warning  'c' is not defined                               no-undef
  274:10   warning  'a' is not defined                               no-undef
  274:23   warning  'h' is not defined                               no-undef
  275:22   warning  'a' is not defined                               no-undef
  276:22   warning  'c' is not defined                               no-undef
  278:10   warning  'y2_node_1' is not defined                       no-undef
  278:21   warning  'y1_node_1' is not defined                       no-undef
  279:10   warning  'y2_node_2' is not defined                       no-undef
  279:21   warning  'y1_node_2' is not defined                       no-undef
  281:17   warning  'c' is not defined                               no-undef
  281:20   warning  'c' is not defined                               no-undef
  282:16   warning  'gauss' is not defined                           no-undef
  283:5    warning  'y1' is not defined                              no-undef
  284:5    warning  'y2' is not defined                              no-undef
  285:17   warning  'y1' is not defined                              no-undef
  285:21   warning  'y2' is not defined                              no-undef
  287:10   warning  'exp_completed' is defined but never used        no-unused-vars

/home/runner/work/exp-partial-differential-equations-finite-difference-solving-boundary-value-problems-iitb/exp-partial-differential-equations-finite-difference-solving-boundary-value-problems-iitb/experiment/simulation/js/data.js
  3:5  warning  'y1_node_1' is assigned a value but never used  no-unused-vars
  4:5  warning  'y2_node_1' is assigned a value but never used  no-unused-vars
  5:5  warning  'y1_node_2' is assigned a value but never used  no-unused-vars
  6:5  warning  'y2_node_2' is assigned a value but never used  no-unused-vars
  7:5  warning  'c' is assigned a value but never used          no-unused-vars
  8:5  warning  'y1' is defined but never used                  no-unused-vars
  9:5  warning  'y2' is defined but never used                  no-unused-vars

/home/runner/work/exp-partial-differential-equations-finite-difference-solving-boundary-value-problems-iitb/exp-partial-differential-equations-finite-difference-solving-boundary-value-problems-iitb/experiment/simulation/js/screen_size.js
  1:10  warning  'set_screen_size' is defined but never used  no-unused-vars

✖ 125 problems (0 errors, 125 warnings)

